<?xml version="1.0" encoding="UTF-8"?>
<testsuite xmlns:xsi="http://www.w3.org/2001/XMLSchema-instance" xsi:noNamespaceSchemaLocation="https://maven.apache.org/surefire/maven-surefire-plugin/xsd/surefire-test-report.xsd" version="3.0.2" name="com.gentzen.GentzenTest" time="0.047" tests="15" errors="0" skipped="0" failures="0">
  <properties>
[...]
</properties>
  <testcase name="testAxiom" classname="com.gentzen.GentzenTest" time="0.015">
    <system-out><![CDATA[Case 1 passed: Axiom
]]></system-out>
  </testcase>
  <testcase name="testParseEmptyLeft" classname="com.gentzen.GentzenTest" time="0.001"/>
  <testcase name="testStepExhaustion" classname="com.gentzen.GentzenTest" time="0.003">
    <system-out><![CDATA[Step exhaustion test passed
]]></system-out>
  </testcase>
  <testcase name="testModusPonens" classname="com.gentzen.GentzenTest" time="0.004">
    <system-out><![CDATA[Case 2 passed: Modus Ponens
(→L[0])  0 -> 1, 0 |- 1
├─ left:
│  (Ax on 0)  0 |- 1, 0
└─ right:
   (Ax on 1)  1, 0 |- 1

]]></system-out>
  </testcase>
  <testcase name="testParseComplex" classname="com.gentzen.GentzenTest" time="0.001">
    <system-out><![CDATA[Parsed: 0 & 1 | (~2 -> 3)
]]></system-out>
  </testcase>
  <testcase name="testDeMorgan" classname="com.gentzen.GentzenTest" time="0.002">
    <system-out><![CDATA[Case 3 passed: De Morgan's Law
(¬L[0])  ~(0 | 1) |- ~0 & ~1
  (∧R[0])  |- ~0 & ~1, 0 | 1
  ├─ left:
  │  (¬R[0])  |- ~0, 0 | 1
  │    (∨R[0])  0 |- 0 | 1
  │      (Ax on 0)  0 |- 0, 1
  └─ right:
     (¬R[0])  |- ~1, 0 | 1
       (∨R[0])  1 |- 0 | 1
         (Ax on 1)  1 |- 0, 1

]]></system-out>
  </testcase>
  <testcase name="testExcludedMiddle" classname="com.gentzen.GentzenTest" time="0.001">
    <system-out><![CDATA[Excluded Middle: Provable ✓
]]></system-out>
  </testcase>
  <testcase name="testParseWithSpaces" classname="com.gentzen.GentzenTest" time="0.001"/>
  <testcase name="testParseMultipleFormulas" classname="com.gentzen.GentzenTest" time="0.001"/>
  <testcase name="testContradiction" classname="com.gentzen.GentzenTest" time="0.001">
    <system-out><![CDATA[Contradiction implies anything: Provable ✓
]]></system-out>
  </testcase>
  <testcase name="testTransitivity" classname="com.gentzen.GentzenTest" time="0.001">
    <system-out><![CDATA[Transitivity: Provable ✓
]]></system-out>
  </testcase>
  <testcase name="testParseDoubleNegation" classname="com.gentzen.GentzenTest" time="0.001"/>
  <testcase name="testParseEmptyRight" classname="com.gentzen.GentzenTest" time="0.001"/>
  <testcase name="testPeirceLaw" classname="com.gentzen.GentzenTest" time="0.001">
    <system-out><![CDATA[Case 4 passed: Peirce's Law
(→R[0])  |- ((0 -> 1) -> 0) -> 0
  (→L[0])  (0 -> 1) -> 0 |- 0
  ├─ left:
  │  (→R[1])  |- 0, 0 -> 1
  │    (Ax on 0)  0 |- 0, 1
  └─ right:
     (Ax on 0)  0 |- 0

]]></system-out>
  </testcase>
  <testcase name="testCounterExample" classname="com.gentzen.GentzenTest" time="0.001">
    <system-out><![CDATA[Case 5 passed: Unprovable with counter-example {0=true, 1=false}
]]></system-out>
  </testcase>
</testsuite>